timestamp,energy_joule,V_12V,I_12V,V_3V,I_3V
1700939128.863190,0.000000,12.017000,2.042000,3.366000,0.000000
1700939128.964141,2.477208,12.018000,2.042000,3.367000,0.000000
1700939129.064653,4.943848,12.016000,2.042000,3.367000,0.000000
1700939129.165276,7.412802,12.014000,2.074000,3.367000,0.000000
1700939129.266683,9.939564,12.011000,2.097000,3.367000,0.000000
1700939129.367236,12.472199,12.011000,2.108000,3.367000,0.000000
1700939129.467527,15.011485,12.006000,2.124000,3.367000,0.000000
1700939129.567804,17.568624,12.004000,2.158000,3.367000,0.000000
1700939129.668543,20.178230,12.004000,2.185000,3.367000,0.000000
1700939129.768660,22.804173,12.000000,2.208000,3.367000,0.000000
1700939129.868790,25.457218,11.997000,2.208000,3.367000,0.000000
1700939129.968955,28.110526,11.995000,2.226000,3.366000,0.000000
1700939130.069259,30.788730,11.994000,2.247000,3.366000,0.000000
1700939130.169413,33.487932,11.990000,2.266000,3.366000,0.000000
1700939130.269731,36.213506,11.988000,2.261000,3.366000,0.000000
1700939130.369870,38.927760,11.989000,2.261000,3.366000,0.000000
1700939130.470436,41.653816,11.988000,2.260000,3.367000,0.000000
1700939130.570885,44.375269,11.990000,2.267000,3.367000,0.000000
1700939130.671029,47.097316,11.988000,2.250000,3.367000,0.000000
1700939130.771137,49.797529,11.991000,2.240000,3.367000,0.000000
1700939130.871619,52.496459,11.991000,2.238000,3.366000,0.000000
1700939130.971744,55.183399,11.991000,2.258000,3.367000,0.000000
1700939131.071956,57.896707,11.991000,2.265000,3.367000,0.000000
1700939131.172215,60.619703,11.989000,2.266000,3.367000,0.000000
1700939131.272707,63.349777,11.992000,2.266000,3.367000,0.000000
1700939131.373043,66.076294,11.992000,2.266000,3.367000,0.000000
1700939131.473375,68.802703,11.990000,2.264000,3.367000,0.000000
1700939131.573821,71.529346,11.989000,2.265000,3.366000,0.000000
1700939131.673987,74.249362,11.989000,2.270000,3.366000,0.000000
1700939131.774100,76.973941,11.991000,2.263000,3.366000,0.000000
1700939131.874681,79.703270,11.992000,2.264000,3.366000,0.000000
1700939131.974810,82.421761,11.990000,2.269000,3.366000,0.000000
1700939132.074997,85.147379,11.985000,2.271000,3.366000,0.000000
1700939132.175593,87.885395,11.983000,2.253000,3.366000,0.000000
1700939132.275747,90.589322,11.985000,2.256000,3.366000,0.000000
1700939132.375925,93.297951,11.982000,2.256000,3.366000,0.000000
1700939132.477279,96.037691,11.983000,2.256000,3.366000,0.000000
1700939132.577973,98.759817,11.983000,2.254000,3.366000,0.000000
1700939132.678294,101.469455,11.988000,2.253000,3.366000,0.000000
1700939132.779171,104.194038,11.986000,2.253000,3.366000,0.000000
1700939132.879425,106.901343,11.983000,2.252000,3.366000,0.000000
1700939132.980694,109.634160,11.982000,2.266000,3.366000,0.000000
1700939133.080915,112.355281,11.984000,2.260000,3.366000,0.000000
1700939133.181132,115.069543,11.987000,2.260000,3.366000,0.000000
1700939133.281953,117.800846,11.989000,2.259000,3.366000,0.000000
1700939133.382350,120.519913,11.989000,2.249000,3.366000,0.000000
1700939133.482669,123.224841,11.991000,2.248000,3.366000,0.000000
1700939133.583284,125.936995,11.989000,2.250000,3.366000,0.000000
1700939133.684063,128.655534,11.987000,2.253000,3.365000,0.000000
1700939133.784494,131.367845,11.990000,2.253000,3.364000,0.000000
1700939133.885100,134.085562,11.990000,2.251000,3.364000,0.000000
1700939133.985382,136.792122,11.990000,2.253000,3.364000,0.000000
1700939134.086112,139.513189,11.990000,2.240000,3.364000,0.000000
1700939134.186729,142.215520,11.991000,2.241000,3.365000,0.000000
1700939134.286845,144.905820,11.987000,2.241000,3.365000,0.000000
1700939134.386958,147.595142,11.986000,2.243000,3.366000,0.000000
1700939134.488282,150.319198,11.984000,2.254000,3.364000,0.000000
1700939134.588474,153.025577,11.985000,2.254000,3.364000,0.000000
1700939134.689804,155.762925,11.986000,2.252000,3.363000,0.000000
1700939134.790004,158.467571,11.987000,2.252000,3.364000,0.000000
1700939134.890150,161.170985,11.989000,2.249000,3.364000,0.000000
1700939134.990251,163.870034,11.986000,2.254000,3.364000,0.000000
1700939135.090504,166.578514,11.989000,2.256000,3.364000,0.000000
1700939135.190629,169.286613,11.988000,2.265000,3.364000,0.000000
1700939135.290761,172.005479,11.990000,2.269000,3.363000,0.000000
1700939135.390881,174.729275,11.991000,2.267000,3.363000,0.000000
1700939135.491950,177.476694,11.991000,2.255000,3.363000,0.000000
1700939135.592096,180.184612,11.992000,2.257000,3.363000,0.000000
1700939135.692652,182.906255,11.992000,2.257000,3.364000,0.000000
1700939135.792880,185.619020,11.990000,2.276000,3.365000,0.000000
1700939135.892973,188.350482,11.991000,2.273000,3.364000,0.000000
1700939135.993329,191.085740,11.990000,2.271000,3.365000,0.000000
1700939136.094187,193.832031,11.992000,2.265000,3.366000,0.000000
1700939136.194293,196.551098,11.991000,2.265000,3.366000,0.000000
1700939136.294483,199.272220,11.993000,2.262000,3.365000,0.000000
1700939136.395533,202.013521,11.994000,2.254000,3.365000,0.000000
1700939136.496503,204.743193,11.994000,2.255000,3.365000,0.000000
1700939136.596633,207.451356,11.992000,2.260000,3.365000,0.000000
1700939136.697214,210.177294,11.992000,2.267000,3.365000,0.000000
1700939136.797499,212.903628,11.988000,2.268000,3.365000,0.000000
1700939136.898444,215.648200,11.988000,2.252000,3.364000,0.000000
1700939136.999347,218.372276,11.988000,2.250000,3.364000,0.000000
1700939137.100167,221.091694,11.990000,2.246000,3.364000,0.000000
1700939137.200831,223.802529,11.989000,2.246000,3.364000,0.000000
1700939137.302095,226.529294,11.989000,2.248000,3.364000,0.000000
1700939137.402499,229.235310,11.988000,2.249000,3.363000,0.000000
1700939137.503148,231.948909,11.985000,2.249000,3.364000,0.000000
1700939137.603934,234.665521,11.982000,2.248000,3.364000,0.000000
1700939137.704642,237.378145,11.982000,2.241000,3.365000,0.000000
1700939137.807158,240.130870,11.982000,2.235000,3.365000,0.000000
1700939137.910111,242.887928,11.983000,2.232000,3.365000,0.000000
1700939138.010418,245.570745,11.982000,2.248000,3.366000,0.000000
1700939138.110806,248.274749,11.982000,2.252000,3.366000,0.000000
1700939138.211087,250.980678,11.982000,2.259000,3.366000,0.000000
1700939138.311186,253.690091,11.984000,2.260000,3.366000,0.000000
1700939138.411553,256.408415,11.984000,2.259000,3.366000,0.000000
1700939138.511745,259.120799,11.982000,2.259000,3.367000,0.000000
1700939138.612551,261.849349,11.984000,2.259000,3.367000,0.000000
1700939138.712786,264.562896,11.985000,2.261000,3.367000,0.000000
1700939138.812901,267.275821,11.986000,2.261000,3.367000,0.000000
1700939138.913112,269.991574,11.986000,2.264000,3.367000,0.000000
1700939139.013579,272.717877,11.986000,2.266000,3.367000,0.000000
1700939139.114384,275.455768,11.987000,2.262000,3.366000,0.000000
1700939139.214516,278.170807,11.989000,2.246000,3.366000,0.000000
1700939139.315325,280.885320,11.987000,2.243000,3.366000,0.000000
1700939139.416023,283.592772,11.988000,2.256000,3.366000,0.000000
1700939139.516611,286.313167,11.986000,2.254000,3.366000,0.000000
1700939139.617429,289.036911,11.986000,2.256000,3.365000,0.000000
1700939139.718603,291.772698,11.986000,2.256000,3.364000,0.000000
1700939139.818806,294.482228,11.988000,2.252000,3.364000,0.000000
1700939139.919067,297.188972,11.988000,2.256000,3.364000,0.000000
1700939140.019534,299.906095,11.986000,2.256000,3.363000,0.000000
1700939140.120646,302.640206,11.986000,2.262000,3.363000,0.000000
1700939140.220750,305.354259,11.984000,2.267000,3.364000,0.000000
1700939140.320971,308.077035,11.982000,2.273000,3.363000,0.000000
1700939140.421969,310.827725,11.982000,2.275000,3.363000,0.000000
1700939140.522128,313.557964,11.982000,2.257000,3.364000,0.000000
1700939140.622282,316.266466,11.981000,2.273000,3.363000,0.000000
1700939140.722431,318.993805,11.980000,2.275000,3.364000,0.000000
1700939140.822588,321.723534,11.981000,2.278000,3.364000,0.000000
1700939140.922777,324.457964,11.980000,2.279000,3.365000,0.000000
1700939141.022973,327.193557,11.982000,2.272000,3.366000,0.000000
1700939141.123062,329.918290,11.982000,2.262000,3.365000,0.000000
1700939141.223739,332.646968,11.982000,2.262000,3.365000,0.000000
1700939141.323913,335.362012,11.982000,2.274000,3.365000,0.000000
1700939141.424301,338.097291,11.982000,2.271000,3.365000,0.000000
1700939141.524888,340.834376,11.984000,2.271000,3.366000,0.000000
1700939141.624992,343.558773,11.983000,2.269000,3.366000,0.000000
1700939141.725113,346.281005,11.982000,2.269000,3.366000,0.000000
1700939141.826361,349.033651,11.986000,2.254000,3.366000,0.000000
1700939141.926928,351.750613,11.988000,2.248000,3.366000,0.000000
1700939142.027037,354.448453,11.989000,2.246000,3.367000,0.000000
1700939142.127246,357.146811,11.990000,2.243000,3.366000,0.000000
1700939142.227380,359.839771,11.987000,2.246000,3.366000,0.000000
1700939142.327489,362.534986,11.991000,2.249000,3.366000,0.000000
1700939142.428369,365.255494,11.992000,2.237000,3.366000,0.000000
1700939142.528487,367.941269,11.991000,2.239000,3.366000,0.000000
1700939142.628696,370.631666,11.992000,2.240000,3.366000,0.000000
1700939142.729644,373.343339,11.992000,2.239000,3.366000,0.000000
1700939142.830533,376.052217,11.992000,2.241000,3.366000,0.000000
1700939142.931081,378.754352,11.990000,2.241000,3.366000,0.000000
1700939143.031190,381.444239,11.989000,2.242000,3.366000,0.000000
1700939143.131454,384.139269,11.989000,2.238000,3.365000,0.000000
1700939143.231641,386.827425,11.986000,2.241000,3.366000,0.000000
1700939143.332094,389.525655,11.987000,2.240000,3.366000,0.000000
1700939143.432281,392.215765,11.985000,2.240000,3.365000,0.000000
1700939143.532464,394.905317,11.988000,2.240000,3.365000,0.000000
1700939143.632606,397.594443,11.986000,2.242000,3.365000,0.000000
1700939143.732731,400.285063,11.982000,2.235000,3.366000,0.000000
1700939143.833118,402.973404,11.982000,2.233000,3.366000,0.000000
1700939143.933208,405.651392,11.985000,2.233000,3.366000,0.000000
1700939144.033937,408.347153,11.987000,2.230000,3.366000,0.000000
1700939144.134078,411.024023,11.988000,2.228000,3.365000,0.000000
1700939144.234452,413.704938,11.988000,2.229000,3.365000,0.000000
1700939144.335355,416.401193,11.987000,2.229000,3.366000,0.000000
1700939144.435535,419.077905,11.989000,2.229000,3.366000,0.000000
1700939144.536736,421.782348,11.990000,2.230000,3.367000,0.000000
1700939144.637797,424.484486,11.990000,2.234000,3.367000,0.000000
1700939144.738249,427.175159,11.988000,2.229000,3.367000,0.000000
1700939144.838372,429.850571,11.989000,2.235000,3.366000,0.000000
1700939144.938976,432.546297,11.992000,2.235000,3.366000,0.000000
1700939145.039064,435.228868,11.992000,2.237000,3.366000,0.000000
1700939145.140087,437.938921,11.992000,2.237000,3.367000,0.000000
1700939145.240873,440.642617,11.991000,2.241000,3.367000,0.000000
1700939145.341703,443.352104,11.990000,2.238000,3.366000,0.000000
1700939145.442849,446.066217,11.989000,2.237000,3.366000,0.000000
1700939145.544064,448.780742,11.989000,2.233000,3.366000,0.000000
1700939145.644515,451.469960,11.989000,2.232000,3.366000,0.000000
1700939145.744655,454.149651,11.990000,2.235000,3.365000,0.000000
1700939145.844796,456.833194,11.991000,2.235000,3.365000,0.000000
1700939145.944965,459.517712,11.992000,2.235000,3.365000,0.000000
1700939146.045161,462.203177,11.989000,2.231000,3.366000,0.000000
1700939146.145803,464.895095,11.990000,2.232000,3.365000,0.000000
1700939146.246033,467.577418,11.990000,2.232000,3.365000,0.000000
1700939146.346201,470.258082,11.989000,2.235000,3.365000,0.000000
1700939146.446529,472.946412,11.991000,2.235000,3.365000,0.000000
1700939146.546835,475.634602,11.992000,2.246000,3.364000,0.000000
1700939146.649286,478.394020,11.994000,2.247000,3.363000,0.000000
1700939146.751141,481.139065,11.992000,2.254000,3.364000,0.000000
1700939146.853592,483.908312,11.991000,2.251000,3.364000,0.000000
1700939146.954157,486.622737,11.989000,2.248000,3.364000,0.000000
1700939147.054522,489.327701,11.989000,2.248000,3.365000,0.000000
1700939147.154628,492.025685,11.989000,2.249000,3.365000,0.000000
1700939147.254732,494.724816,11.990000,2.253000,3.364000,0.000000
1700939147.354856,497.429512,11.990000,2.253000,3.364000,0.000000
1700939147.454982,500.134263,11.988000,2.254000,3.363000,0.000000
1700939147.555074,502.838844,11.986000,2.253000,3.363000,0.000000
1700939147.655153,505.541423,11.982000,2.243000,3.364000,0.000000
1700939147.755246,508.231485,11.981000,2.243000,3.364000,0.000000
1700939147.855372,510.922210,11.982000,2.236000,3.364000,0.000000
1700939147.955461,513.603769,11.984000,2.237000,3.364000,0.000000
1700939148.055558,516.287190,11.986000,2.237000,3.364000,0.000000
1700939148.155701,518.972293,11.986000,2.240000,3.364000,0.000000
1700939148.255785,521.659412,11.987000,2.243000,3.364000,0.000000
1700939148.355875,524.350516,11.986000,2.243000,3.364000,0.000000
1700939148.456017,527.042793,11.987000,2.240000,3.363000,0.000000
1700939148.556138,529.731130,11.987000,2.238000,3.363000,0.000000
1700939148.656222,532.416074,11.987000,2.237000,3.363000,0.000000
1700939148.756363,535.101347,11.990000,2.235000,3.364000,0.000000
1700939148.856470,537.783980,11.992000,2.235000,3.363000,0.000000
1700939148.956585,540.467274,11.991000,2.239000,3.364000,0.000000
1700939149.056701,543.155173,11.989000,2.244000,3.363000,0.000000
1700939149.156794,545.848007,11.987000,2.245000,3.363000,0.000000
1700939149.256896,548.541833,11.988000,2.246000,3.363000,0.000000
1700939149.357003,551.237219,11.984000,2.243000,3.363000,0.000000
1700939149.457116,553.928268,11.985000,2.238000,3.364000,0.000000
1700939149.557227,556.613488,11.987000,2.241000,3.364000,0.000000
1700939149.657311,559.302031,11.988000,2.240000,3.364000,0.000000
1700939149.757424,561.990377,11.986000,2.237000,3.364000,0.000000
1700939149.857542,564.674810,11.985000,2.241000,3.364000,0.000000
1700939149.957648,567.363495,11.984000,2.237000,3.364000,0.000000
1700939150.057762,570.047372,11.984000,2.241000,3.364000,0.000000
1700939150.157856,572.735511,11.986000,2.241000,3.364000,0.000000
1700939150.257950,575.424098,11.986000,2.241000,3.365000,0.000000
1700939150.358031,578.112337,11.984000,2.243000,3.365000,0.000000
1700939150.458130,580.803009,11.986000,2.243000,3.365000,0.000000
1700939150.558252,583.494749,11.985000,2.243000,3.364000,0.000000
1700939150.658362,586.185941,11.984000,2.253000,3.366000,0.000000
1700939150.758467,588.888771,11.983000,2.256000,3.366000,0.000000
1700939150.858563,591.594731,11.983000,2.259000,3.366000,0.000000
1700939150.958659,594.304290,11.984000,2.265000,3.366000,0.000000
1700939151.058763,597.021489,11.987000,2.266000,3.367000,0.000000
1700939151.158889,599.741166,11.990000,2.265000,3.366000,0.000000
1700939151.259057,602.461463,11.989000,2.258000,3.366000,0.000000
1700939151.359140,605.170826,11.991000,2.262000,3.366000,0.000000
1700939151.459222,607.885414,11.992000,2.271000,3.366000,0.000000
1700939151.559307,610.611112,11.992000,2.270000,3.366000,0.000000
1700939151.659403,613.335910,11.991000,2.263000,3.366000,0.000000
1700939151.759499,616.052078,11.991000,2.263000,3.366000,0.000000
1700939151.859594,618.768219,11.988000,2.257000,3.365000,0.000000
1700939151.959681,621.476265,11.988000,2.256000,3.365000,0.000000
1700939152.059798,624.183922,11.988000,2.249000,3.365000,0.000000
1700939152.159915,626.883178,11.987000,2.254000,3.364000,0.000000
1700939152.260021,629.587911,11.987000,2.264000,3.364000,0.000000
1700939152.360133,632.304808,11.988000,2.267000,3.365000,0.000000
1700939152.460251,635.025694,11.987000,2.259000,3.364000,0.000000
1700939152.560356,637.736401,11.985000,2.246000,3.364000,0.000000
1700939152.660466,640.431193,11.987000,2.246000,3.365000,0.000000
1700939152.760604,643.127188,11.987000,2.243000,3.365000,0.000000
1700939152.860693,645.818265,11.989000,2.243000,3.366000,0.000000
1700939152.960805,648.510410,11.989000,2.243000,3.366000,0.000000
1700939153.060932,651.202958,11.989000,2.252000,3.366000,0.000000
1700939153.161025,653.905391,11.992000,2.261000,3.365000,0.000000
1700939153.261133,656.619711,11.991000,2.261000,3.366000,0.000000
1700939153.361243,659.333858,11.992000,2.256000,3.365000,0.000000
1700939153.461339,662.041851,11.992000,2.248000,3.366000,0.000000
1700939153.561419,664.739809,11.992000,2.249000,3.365000,0.000000
1700939153.661503,667.439075,11.993000,2.256000,3.366000,0.000000
1700939153.761596,670.147212,11.993000,2.258000,3.366000,0.000000
1700939153.861691,672.857804,11.993000,2.262000,3.366000,0.000000
1700939153.961804,675.573686,11.994000,2.263000,3.366000,0.000000
1700939154.061902,678.290588,11.992000,2.267000,3.366000,0.000000
1700939154.162003,681.011921,11.992000,2.257000,3.365000,0.000000
1700939154.262124,683.721790,11.990000,2.252000,3.366000,0.000000
1700939154.362238,686.425016,11.988000,2.248000,3.366000,0.000000
1700939154.462352,689.122991,11.988000,2.251000,3.366000,0.000000
1700939154.562441,691.823891,11.987000,2.243000,3.365000,0.000000
1700939154.662526,694.514861,11.990000,2.243000,3.365000,0.000000
1700939154.762643,697.207364,11.990000,2.253000,3.365000,0.000000
1700939154.862735,699.911196,11.992000,2.256000,3.364000,0.000000
1700939154.962845,702.619568,11.992000,2.248000,3.364000,0.000000
1700939155.062927,705.317580,11.991000,2.248000,3.364000,0.000000
1700939155.163005,708.015259,11.994000,2.246000,3.364000,0.000000
1700939155.263106,710.711832,11.994000,2.247000,3.364000,0.000000
1700939155.363193,713.409229,11.993000,2.246000,3.365000,0.000000
1700939155.463273,716.105012,11.994000,2.254000,3.364000,0.000000
1700939155.563351,718.810568,11.995000,2.262000,3.365000,0.000000
1700939155.663436,721.526143,11.993000,2.259000,3.365000,0.000000
1700939155.763526,724.237800,11.991000,2.262000,3.366000,0.000000
1700939155.863637,726.953175,11.989000,2.251000,3.366000,0.000000
1700939155.963727,729.654328,11.989000,2.248000,3.366000,0.000000
1700939156.063812,732.351746,11.988000,2.251000,3.366000,0.000000
1700939156.163899,735.052592,11.990000,2.251000,3.366000,0.000000
1700939156.263982,737.753781,11.989000,2.253000,3.366000,0.000000
1700939156.364080,740.457550,11.987000,2.259000,3.366000,0.000000
1700939156.464187,743.168311,11.987000,2.262000,3.366000,0.000000
1700939156.564263,745.881831,11.989000,2.253000,3.366000,0.000000
1700939156.664353,748.585384,11.989000,2.248000,3.365000,0.000000
1700939156.764456,751.283287,11.988000,2.249000,3.365000,0.000000
1700939156.864570,753.982462,11.992000,2.248000,3.364000,0.000000
1700939156.964673,756.681040,11.991000,2.245000,3.364000,0.000000
1700939157.064747,759.375012,11.991000,2.246000,3.364000,0.000000
1700939157.164841,762.070722,11.991000,2.245000,3.364000,0.000000
1700939157.264940,764.765366,11.992000,2.245000,3.364000,0.000000
1700939157.365034,767.460101,11.992000,2.252000,3.364000,0.000000
1700939157.465131,770.163319,11.992000,2.237000,3.364000,0.000000
1700939157.565205,772.847914,11.994000,2.235000,3.364000,0.000000
1700939157.665307,775.531308,11.992000,2.235000,3.365000,0.000000
1700939157.765416,778.214441,11.993000,2.237000,3.366000,0.000000
1700939157.865470,780.898724,11.993000,2.235000,3.366000,0.000000
1700939157.965573,783.581920,11.995000,2.245000,3.366000,0.000000
1700939158.065662,786.277195,11.992000,2.247000,3.367000,0.000000
1700939158.165758,788.974384,11.994000,2.253000,3.366000,0.000000
1700939158.265860,791.679388,11.993000,2.252000,3.366000,0.000000
1700939158.365977,794.383372,11.992000,2.252000,3.366000,0.000000
1700939158.466087,797.086941,11.990000,2.245000,3.367000,0.000000
1700939158.566182,799.781253,11.986000,2.249000,3.367000,0.000000
1700939158.666297,802.480004,11.986000,2.245000,3.367000,0.000000
1700939158.766435,805.174575,11.985000,2.243000,3.367000,0.000000
1700939158.866545,807.865767,11.985000,2.251000,3.367000,0.000000
