timestamp,energy_joule,V_12V,I_12V,V_3V,I_3V
1700945022.071598,0.000000,12.012000,2.191000,3.364000,0.000000
1700945022.171669,2.633698,12.012000,2.193000,3.364000,0.000000
1700945022.275113,5.358652,12.013000,2.252000,3.365000,0.000000
1700945022.376226,8.094090,12.013000,2.252000,3.364000,0.000000
1700945022.476400,10.804125,12.008000,2.312000,3.365000,0.000000
1700945022.579133,13.656250,12.007000,2.374000,3.364000,0.000000
1700945022.680573,16.547758,12.002000,2.434000,3.364000,0.000000
1700945022.781277,19.489611,11.999000,2.491000,3.364000,0.000000
1700945022.882059,22.501935,11.998000,2.550000,3.365000,0.000000
1700945022.984875,25.647580,11.994000,2.615000,3.366000,0.000000
1700945023.087884,28.878387,11.990000,2.679000,3.365000,0.000000
1700945023.188752,32.118389,11.988000,2.737000,3.365000,0.000000
1700945023.290644,35.461583,11.982000,2.800000,3.365000,0.000000
1700945023.394116,38.933027,11.982000,2.798000,3.366000,0.000000
1700945023.495599,42.335310,11.981000,2.799000,3.366000,0.000000
1700945023.597341,45.747209,11.981000,2.802000,3.366000,0.000000
1700945023.700331,49.204662,11.982000,2.800000,3.367000,0.000000
1700945023.802165,52.621152,11.982000,2.800000,3.367000,0.000000
1700945023.903312,56.014593,11.980000,2.800000,3.367000,0.000000
1700945024.003897,59.388616,11.976000,2.804000,3.367000,0.000000
1700945024.105393,62.796924,11.975000,2.806000,3.367000,0.000000
1700945024.205599,66.164031,11.974000,2.802000,3.367000,0.000000
1700945024.307496,69.582792,11.974000,2.796000,3.368000,0.000000
1700945024.409127,72.985327,11.971000,2.800000,3.368000,0.000000
1700945024.510314,76.376994,11.974000,2.801000,3.368000,0.000000
1700945024.612529,79.805201,11.974000,2.806000,3.367000,0.000000
1700945024.713209,83.187952,11.973000,2.809000,3.367000,0.000000
1700945024.813632,86.565394,11.970000,2.806000,3.366000,0.000000
1700945024.913718,89.927065,11.969000,2.810000,3.367000,0.000000
1700945025.015041,93.334850,11.967000,2.804000,3.367000,0.000000
1700945025.118402,96.803177,11.967000,2.805000,3.367000,0.000000
1700945025.219836,100.208056,11.971000,2.818000,3.366000,0.000000
1700945025.320540,103.605233,11.972000,2.818000,3.366000,0.000000
1700945025.421898,107.024757,11.973000,2.821000,3.365000,0.000000
1700945025.522709,110.429733,11.971000,2.820000,3.366000,0.000000
1700945025.623484,113.831718,11.968000,2.824000,3.366000,0.000000
1700945025.724899,117.259304,11.970000,2.818000,3.365000,0.000000
1700945025.825150,120.640917,11.975000,2.818000,3.365000,0.000000
1700945025.925921,124.041490,11.976000,2.820000,3.366000,0.000000
1700945026.027945,127.487077,11.975000,2.843000,3.365000,0.000000
1700945026.130556,130.980461,11.976000,2.848000,3.366000,0.000000
1700945026.233457,134.490172,11.974000,2.852000,3.366000,0.000000
1700945026.334278,137.933194,11.971000,2.837000,3.366000,0.000000
1700945026.436540,141.406188,11.973000,2.839000,3.366000,0.000000
1700945026.537939,144.852876,11.973000,2.836000,3.366000,0.000000
1700945026.638194,148.257078,11.978000,2.835000,3.366000,0.000000
1700945026.740397,151.727650,11.981000,2.835000,3.366000,0.000000
1700945026.841811,155.172291,11.976000,2.830000,3.367000,0.000000
1700945026.942562,158.586952,11.971000,2.830000,3.367000,0.000000
1700945027.045452,162.072652,11.971000,2.831000,3.367000,0.000000
1700945027.147505,165.531218,11.975000,2.828000,3.367000,0.000000
1700945027.247733,168.925470,11.979000,2.799000,3.366000,0.000000
1700945027.350992,172.387664,11.977000,2.794000,3.366000,0.000000
1700945027.452461,175.783196,11.977000,2.790000,3.366000,0.000000
1700945027.553232,179.150542,11.980000,2.795000,3.366000,0.000000
1700945027.653590,182.510939,11.981000,2.798000,3.366000,0.000000
1700945027.756080,185.946695,11.981000,2.802000,3.366000,0.000000
1700945027.857917,189.365441,11.982000,2.815000,3.366000,0.000000
1700945027.959135,192.779456,11.985000,2.824000,3.366000,0.000000
1700945028.061657,196.249379,11.985000,2.832000,3.366000,0.000000
1700945028.164753,199.748614,11.985000,2.833000,3.365000,0.000000
1700945028.267732,203.245112,11.985000,2.833000,3.365000,0.000000
1700945028.369021,206.684228,11.984000,2.840000,3.365000,0.000000
1700945028.470803,210.148334,11.983000,2.848000,3.364000,0.000000
1700945028.571722,213.592456,11.986000,2.853000,3.364000,0.000000
1700945028.674191,217.096491,11.982000,2.853000,3.364000,0.000000
1700945028.775982,220.576181,11.980000,2.847000,3.364000,0.000000
1700945028.878205,224.062707,11.979000,2.845000,3.365000,0.000000
1700945028.979730,227.522705,11.975000,2.829000,3.364000,0.000000
1700945029.080940,230.951424,11.975000,2.821000,3.364000,0.000000
1700945029.183532,234.417133,11.980000,2.828000,3.364000,0.000000
1700945029.285759,237.880526,11.980000,2.829000,3.365000,0.000000
1700945029.385975,241.276989,11.981000,2.838000,3.365000,0.000000
1700945029.489066,244.782297,11.981000,2.837000,3.365000,0.000000
1700945029.589784,248.205712,11.981000,2.836000,3.365000,0.000000
1700945029.691154,251.650073,11.977000,2.836000,3.366000,0.000000
1700945029.792169,255.081227,11.979000,2.834000,3.366000,0.000000
1700945029.894372,258.550864,11.983000,2.837000,3.366000,0.000000
1700945029.995304,261.982125,11.980000,2.839000,3.365000,0.000000
1700945030.096549,265.425591,11.978000,2.836000,3.366000,0.000000
1700945030.197846,268.866610,11.976000,2.833000,3.366000,0.000000
1700945030.299173,272.304434,11.977000,2.815000,3.366000,0.000000
1700945030.401980,275.770598,11.976000,2.815000,3.365000,0.000000
1700945030.503328,279.187286,11.975000,2.811000,3.366000,0.000000
1700945030.606641,282.664980,11.976000,2.803000,3.365000,0.000000
1700945030.709352,286.112858,11.979000,2.820000,3.365000,0.000000
1700945030.811802,289.573698,11.981000,2.821000,3.366000,0.000000
1700945030.912582,292.979901,11.981000,2.821000,3.366000,0.000000
1700945031.013791,296.400604,11.981000,2.817000,3.366000,0.000000
1700945031.116270,299.859319,11.977000,2.816000,3.366000,0.000000
1700945031.216386,303.235954,11.981000,2.816000,3.366000,0.000000
1700945031.319576,306.717430,11.983000,2.815000,3.365000,0.000000
1700945031.420469,310.120767,11.985000,2.821000,3.365000,0.000000
1700945031.521951,313.551842,11.985000,2.828000,3.365000,0.000000
1700945031.624248,317.019053,11.983000,2.832000,3.366000,0.000000
1700945031.726902,320.502704,11.980000,2.830000,3.365000,0.000000
1700945031.829656,323.986414,11.980000,2.810000,3.366000,0.000000
1700945031.930482,327.380601,11.981000,2.809000,3.366000,0.000000
1700945032.033079,330.833465,11.978000,2.808000,3.365000,0.000000
1700945032.133621,334.215117,11.977000,2.815000,3.366000,0.000000
1700945032.233959,337.598038,11.974000,2.825000,3.366000,0.000000
1700945032.337186,341.089851,11.973000,2.828000,3.366000,0.000000
1700945032.438729,344.528061,11.973000,2.829000,3.366000,0.000000
1700945032.540527,347.976124,11.972000,2.823000,3.367000,0.000000
1700945032.641751,351.397187,11.973000,2.823000,3.366000,0.000000
1700945032.743939,354.851119,11.975000,2.820000,3.366000,0.000000
1700945032.845697,358.287436,11.978000,2.820000,3.366000,0.000000
1700945032.946494,361.692153,11.975000,2.842000,3.366000,0.000000
1700945033.047084,365.115527,11.974000,2.839000,3.366000,0.000000
1700945033.147190,368.518549,11.975000,2.840000,3.366000,0.000000
1700945033.247336,371.924415,11.978000,2.832000,3.365000,0.000000
1700945033.347426,375.319637,11.976000,2.823000,3.365000,0.000000
1700945033.447533,378.704079,11.980000,2.822000,3.364000,0.000000
1700945033.547636,382.088318,11.980000,2.819000,3.364000,0.000000
1700945033.647717,385.468215,11.977000,2.819000,3.365000,0.000000
1700945033.747802,388.847401,11.973000,2.818000,3.365000,0.000000
1700945033.847899,392.224665,11.973000,2.817000,3.365000,0.000000
1700945033.948028,395.601810,11.973000,2.817000,3.365000,0.000000
1700945034.048165,398.979225,11.974000,2.796000,3.366000,0.000000
1700945034.148267,402.330571,11.974000,2.796000,3.366000,0.000000
1700945034.248352,405.681347,11.976000,2.801000,3.365000,0.000000
1700945034.348485,409.040286,11.977000,2.799000,3.366000,0.000000
1700945034.448595,412.396336,11.976000,2.804000,3.365000,0.000000
1700945034.548728,415.758872,11.977000,2.822000,3.366000,0.000000
1700945034.648875,419.143750,11.977000,2.823000,3.366000,0.000000
1700945034.748985,422.528576,11.979000,2.823000,3.366000,0.000000
1700945034.849108,425.914408,11.976000,2.820000,3.366000,0.000000
1700945034.949207,429.294983,11.980000,2.819000,3.365000,0.000000
1700945035.049288,432.674881,11.975000,2.813000,3.365000,0.000000
1700945035.149378,436.046480,11.977000,2.813000,3.364000,0.000000
1700945035.249475,439.418878,11.978000,2.820000,3.364000,0.000000
1700945035.349575,442.800052,11.978000,2.822000,3.364000,0.000000
1700945035.449706,446.184671,11.974000,2.820000,3.363000,0.000000
1700945035.549835,449.565695,11.976000,2.820000,3.363000,0.000000
1700945035.649936,452.946338,11.981000,2.801000,3.363000,0.000000
1700945035.750017,456.304935,11.978000,2.803000,3.364000,0.000000
1700945035.850144,459.666632,11.978000,2.803000,3.363000,0.000000
1700945035.950286,463.028833,11.978000,2.804000,3.363000,0.000000
1700945036.050407,466.391528,11.978000,2.813000,3.363000,0.000000
1700945036.150499,469.764039,11.979000,2.817000,3.364000,0.000000
1700945036.250617,473.142506,11.983000,2.824000,3.364000,0.000000
1700945036.350751,476.531039,11.980000,2.824000,3.365000,0.000000
1700945036.450839,479.917168,11.979000,2.812000,3.366000,0.000000
1700945036.550945,483.289234,11.981000,2.809000,3.366000,0.000000
1700945036.651062,486.658634,11.982000,2.809000,3.365000,0.000000
1700945036.751148,490.027273,11.982000,2.812000,3.364000,0.000000
1700945036.851244,493.399846,11.982000,2.812000,3.364000,0.000000
1700945036.951326,496.771947,11.979000,2.818000,3.364000,0.000000
1700945037.051428,500.151072,11.976000,2.818000,3.365000,0.000000
1700945037.151519,503.528980,11.977000,2.813000,3.365000,0.000000
1700945037.251610,506.901176,11.975000,2.815000,3.365000,0.000000
1700945037.351712,510.275577,11.976000,2.813000,3.365000,0.000000
1700945037.451806,513.647593,11.980000,2.817000,3.365000,0.000000
1700945037.551909,517.025835,11.980000,2.820000,3.365000,0.000000
1700945037.652046,520.408823,11.981000,2.825000,3.366000,0.000000
1700945037.752129,523.796265,11.980000,2.828000,3.366000,0.000000
1700945037.852232,527.187698,11.976000,2.825000,3.366000,0.000000
1700945037.952354,530.575046,11.975000,2.826000,3.366000,0.000000
1700945038.052465,533.962937,11.980000,2.826000,3.366000,0.000000
1700945038.152596,537.352920,11.980000,2.821000,3.365000,0.000000
1700945038.252696,540.735858,11.980000,2.818000,3.365000,0.000000
1700945038.352773,544.114421,11.980000,2.812000,3.365000,0.000000
1700945038.452928,547.488419,11.976000,2.810000,3.365000,0.000000
1700945038.553071,550.858487,11.971000,2.810000,3.365000,0.000000
1700945038.653176,554.225870,11.971000,2.808000,3.365000,0.000000
1700945038.753303,557.591596,11.968000,2.811000,3.365000,0.000000
1700945038.853398,560.958997,11.971000,2.804000,3.365000,0.000000
1700945038.953525,564.319928,11.971000,2.802000,3.365000,0.000000
1700945039.053618,567.677322,11.976000,2.813000,3.365000,0.000000
1700945039.153735,571.050112,11.978000,2.810000,3.365000,0.000000
1700945039.253859,574.420104,11.979000,2.816000,3.365000,0.000000
1700945039.353965,577.796966,11.979000,2.818000,3.366000,0.000000
1700945039.454089,581.176834,11.983000,2.828000,3.366000,0.000000
1700945039.554202,584.569456,11.990000,2.828000,3.365000,0.000000
1700945039.654304,587.963686,11.987000,2.827000,3.365000,0.000000
1700945039.754384,591.355122,11.987000,2.832000,3.365000,0.000000
1700945039.854492,594.753507,11.986000,2.835000,3.364000,0.000000
1700945039.954618,598.155820,11.982000,2.835000,3.364000,0.000000
1700945040.054735,601.556691,11.982000,2.841000,3.365000,0.000000
1700945040.154858,604.964964,11.979000,2.828000,3.364000,0.000000
1700945040.255024,608.358249,11.981000,2.828000,3.364000,0.000000
1700945040.355135,611.750237,11.981000,2.825000,3.364000,0.000000
1700945040.455235,615.138254,11.982000,2.821000,3.364000,0.000000
1700945040.555326,618.521452,11.982000,2.824000,3.364000,0.000000
1700945040.655413,621.908112,11.981000,2.816000,3.364000,0.000000
1700945040.755534,625.286044,11.976000,2.818000,3.365000,0.000000
1700945040.855631,628.664155,11.975000,2.837000,3.365000,0.000000
1700945040.955736,632.065029,11.979000,2.831000,3.365000,0.000000
1700945041.055855,635.460320,11.982000,2.831000,3.364000,0.000000
1700945041.155967,638.856223,11.980000,2.821000,3.364000,0.000000
1700945041.256084,642.239735,11.980000,2.824000,3.364000,0.000000
1700945041.356223,645.627590,11.979000,2.831000,3.365000,0.000000
1700945041.456348,649.023084,11.974000,2.831000,3.365000,0.000000
1700945041.556468,652.416991,11.970000,2.839000,3.366000,0.000000
1700945041.656550,655.818061,11.967000,2.847000,3.365000,0.000000
1700945041.756657,659.228711,11.967000,2.843000,3.365000,0.000000
1700945041.856779,662.635080,11.969000,2.848000,3.365000,0.000000
1700945041.956908,666.048248,11.970000,2.829000,3.365000,0.000000
1700945042.057004,669.437812,11.971000,2.825000,3.365000,0.000000
1700945042.157130,672.823881,11.969000,2.818000,3.365000,0.000000
1700945042.257228,676.200050,11.971000,2.830000,3.365000,0.000000
1700945042.357362,679.592383,11.971000,2.825000,3.365000,0.000000
1700945042.457464,682.977640,11.975000,2.826000,3.365000,0.000000
1700945042.557543,686.364449,11.978000,2.826000,3.365000,0.000000
1700945042.657632,689.752444,11.978000,2.812000,3.365000,0.000000
1700945042.757746,693.124497,11.978000,2.803000,3.365000,0.000000
1700945042.857856,696.485624,11.982000,2.810000,3.365000,0.000000
1700945042.957953,699.855832,11.982000,2.810000,3.366000,0.000000
1700945043.058036,703.225568,11.982000,2.805000,3.365000,0.000000
1700945043.158146,706.590216,11.982000,2.804000,3.366000,0.000000
1700945043.258246,709.953329,11.982000,2.821000,3.366000,0.000000
1700945043.358350,713.336967,11.979000,2.826000,3.367000,0.000000
1700945043.458504,716.727445,11.979000,2.820000,3.366000,0.000000
1700945043.558611,720.109138,11.982000,2.821000,3.366000,0.000000
1700945043.658704,723.492404,11.983000,2.817000,3.366000,0.000000
1700945043.758798,726.871188,11.985000,2.815000,3.366000,0.000000
1700945043.858903,730.248508,11.984000,2.814000,3.365000,0.000000
1700945043.958999,733.624043,11.980000,2.824000,3.365000,0.000000
1700945044.059066,737.009461,11.977000,2.826000,3.365000,0.000000
1700945044.159144,740.396802,11.977000,2.827000,3.365000,0.000000
1700945044.259241,743.785984,11.974000,2.810000,3.365000,0.000000
1700945044.359326,747.153538,11.971000,2.810000,3.365000,0.000000
1700945044.459414,750.520349,11.977000,2.815000,3.364000,0.000000
1700945044.559500,753.894774,11.975000,2.815000,3.365000,0.000000
1700945044.659584,757.268568,11.972000,2.820000,3.365000,0.000000
1700945044.759669,760.647542,11.971000,2.820000,3.365000,0.000000
1700945044.859745,764.025929,11.971000,2.815000,3.364000,0.000000
1700945044.959918,767.401596,11.971000,2.822000,3.364000,0.000000
1700945045.060038,770.783866,11.971000,2.821000,3.364000,0.000000
1700945045.160131,774.164026,11.971000,2.808000,3.365000,0.000000
1700945045.260287,777.530726,11.976000,2.806000,3.365000,0.000000
1700945045.360434,780.896132,11.982000,2.805000,3.365000,0.000000
1700945045.460526,784.260175,11.981000,2.808000,3.365000,0.000000
1700945045.560658,787.628880,11.978000,2.805000,3.365000,0.000000
1700945045.660745,790.991632,11.978000,2.804000,3.365000,0.000000
1700945045.760847,794.353689,11.979000,2.810000,3.365000,0.000000
1700945045.860954,797.723390,11.982000,2.810000,3.365000,0.000000
1700945045.961049,801.093531,11.982000,2.812000,3.366000,0.000000
1700945046.061146,804.466137,11.978000,2.815000,3.366000,0.000000
1700945046.161270,807.842126,11.980000,2.816000,3.367000,0.000000
1700945046.261385,811.219573,11.982000,2.817000,3.366000,0.000000
1700945046.361532,814.599864,11.981000,2.818000,3.366000,0.000000
1700945046.461680,817.981107,11.980000,2.821000,3.366000,0.000000
1700945046.561822,821.365464,11.981000,2.823000,3.366000,0.000000
1700945046.661906,824.750541,11.983000,2.824000,3.366000,0.000000
1700945046.762026,828.138601,11.981000,2.821000,3.367000,0.000000
1700945046.862146,831.522497,11.980000,2.815000,3.367000,0.000000
1700945046.962247,834.898273,11.978000,2.815000,3.367000,0.000000
1700945047.062348,838.273486,11.978000,2.821000,3.367000,0.000000
1700945047.162467,841.656501,11.981000,2.815000,3.366000,0.000000
1700945047.262573,845.032727,11.981000,2.818000,3.366000,0.000000
1700945047.362693,848.413024,11.977000,2.818000,3.366000,0.000000
1700945047.462796,851.791619,11.978000,2.832000,3.366000,0.000000
1700945047.562872,855.186367,11.980000,2.836000,3.365000,0.000000
1700945047.663025,858.589093,11.976000,2.833000,3.366000,0.000000
1700945047.763118,861.985049,11.975000,2.829000,3.366000,0.000000
1700945047.863233,865.376673,11.975000,2.832000,3.366000,0.000000
1700945047.963320,868.770943,11.976000,2.832000,3.366000,0.000000
1700945048.063460,872.167295,11.973000,2.827000,3.365000,0.000000
1700945048.163560,875.555446,11.973000,2.823000,3.365000,0.000000
1700945048.263673,878.939244,11.971000,2.821000,3.366000,0.000000
1700945048.363793,882.320315,11.973000,2.819000,3.366000,0.000000
1700945048.463903,885.699217,11.971000,2.813000,3.366000,0.000000
1700945048.564025,889.070767,11.971000,2.814000,3.366000,0.000000
1700945048.664111,892.442304,11.966000,2.817000,3.366000,0.000000
1700945048.764220,895.816800,11.967000,2.817000,3.366000,0.000000
1700945048.864340,899.191949,11.965000,2.824000,3.366000,0.000000
1700945048.964480,902.575596,11.960000,2.821000,3.366000,0.000000
1700945049.064579,905.952852,11.960000,2.820000,3.366000,0.000000
1700945049.164673,909.328742,11.960000,2.829000,3.365000,0.000000
1700945049.264783,912.715948,11.960000,2.829000,3.366000,0.000000
1700945049.364876,916.102579,11.962000,2.834000,3.365000,0.000000
1700945049.465011,919.497186,11.962000,2.847000,3.365000,0.000000
1700945049.565113,922.906241,11.962000,2.848000,3.364000,0.000000
1700945049.665252,926.317754,11.962000,2.843000,3.364000,0.000000
1700945049.765366,929.722428,11.968000,2.837000,3.364000,0.000000
1700945049.865468,933.121213,11.971000,2.836000,3.365000,0.000000
1700945049.965558,936.519244,11.976000,2.827000,3.364000,0.000000
1700945050.065671,939.908685,11.976000,2.828000,3.364000,0.000000
1700945050.165800,943.299866,11.980000,2.831000,3.365000,0.000000
1700945050.265906,946.694999,11.982000,2.831000,3.364000,0.000000
1700945050.366044,950.091785,11.983000,2.825000,3.364000,0.000000
1700945050.466183,953.481688,11.982000,2.825000,3.364000,0.000000
1700945050.566285,956.870055,11.982000,2.812000,3.364000,0.000000
1700945050.666377,960.242493,11.982000,2.815000,3.364000,0.000000
1700945050.766486,963.619103,11.982000,2.812000,3.366000,0.000000
1700945050.866618,966.992889,11.982000,2.817000,3.366000,0.000000
1700945050.966789,970.373990,11.978000,2.816000,3.366000,0.000000
1700945051.066914,973.751211,11.979000,2.819000,3.366000,0.000000
1700945051.167043,977.132447,11.980000,2.836000,3.366000,0.000000
1700945051.267324,980.539522,11.979000,2.836000,3.366000,0.000000
1700945051.367425,983.940198,11.982000,2.845000,3.366000,0.000000
1700945051.467537,987.352895,11.982000,2.845000,3.366000,0.000000
1700945051.567649,990.765592,11.983000,2.840000,3.366000,0.000000
1700945051.667764,994.172678,11.981000,2.842000,3.366000,0.000000
1700945051.767852,997.580674,11.981000,2.842000,3.366000,0.000000
1700945051.867946,1000.988875,11.981000,2.840000,3.366000,0.000000
1700945051.968043,1004.394780,11.985000,2.840000,3.365000,0.000000
1700945052.068165,1007.802672,11.980000,2.839000,3.364000,0.000000
1700945052.168313,1011.208828,11.983000,2.836000,3.364000,0.000000
